<?xml version="1.0" encoding="UTF-8"?>
<!-- Generated by org.testng.reporters.JUnitReportReporter -->
<testsuite hostname="DESKTOP-4VB3LJR" failures="0" tests="6" name="test.DDTests" time="4.705" errors="0" timestamp="30 Apr 2023 21:32:09 GMT" skipped="0">
  <testcase classname="test.DDTests" name="testPostUser" time="0.557"/>
  <testcase classname="test.DDTests" name="testPostUser" time="1.958"/>
  <testcase classname="test.DDTests" name="testPostUser" time="0.534"/>
  <testcase classname="test.DDTests" name="testDeleteUserByName" time="0.560"/>
  <testcase classname="test.DDTests" name="testDeleteUserByName" time="0.549"/>
  <testcase classname="test.DDTests" name="testDeleteUserByName" time="0.547"/>
</testsuite> <!-- test.DDTests -->
