<?xml version="1.0" encoding="UTF-8"?>
<!-- Generated by org.testng.reporters.JUnitReportReporter -->
<testsuite hostname="DESKTOP-4VB3LJR" failures="0" tests="4" name="test.UserTests" time="3.702" errors="0" timestamp="01 May 2023 14:27:28 GMT" skipped="0">
  <testcase classname="test.UserTests" name="testPostUser" time="1.493"/>
  <testcase classname="test.UserTests" name="testGetUserByName" time="0.582"/>
  <testcase classname="test.UserTests" name="testUpdateUserByName" time="1.103"/>
  <testcase classname="test.UserTests" name="testDeleteUserByName" time="0.524"/>
</testsuite> <!-- test.UserTests -->
