<?xml version="1.0" encoding="UTF-8"?>
<!-- Generated by org.testng.reporters.JUnitReportReporter -->
<testsuite skipped="0" hostname="DESKTOP-4VB3LJR" name="test.UserTests2" tests="4" failures="0" timestamp="03 May 2023 09:24:37 GMT" time="5.962" errors="0">
  <testcase name="testPostUser" time="2.916" classname="test.UserTests2"/>
  <testcase name="testGetUserByName" time="0.725" classname="test.UserTests2"/>
  <testcase name="testUpdateUserByName" time="1.661" classname="test.UserTests2"/>
  <testcase name="testDeleteUserByName" time="0.660" classname="test.UserTests2"/>
</testsuite> <!-- test.UserTests2 -->
