<?xml version="1.0" encoding="UTF-8"?>
<!-- Generated by org.testng.reporters.JUnitReportReporter -->
<testsuite skipped="0" hostname="DESKTOP-4VB3LJR" name="test.UserTests2" tests="4" failures="0" timestamp="02 May 2023 16:40:03 GMT" time="4.008" errors="0">
  <testcase name="testPostUser" time="1.883" classname="test.UserTests2"/>
  <testcase name="testGetUserByName" time="0.546" classname="test.UserTests2"/>
  <testcase name="testUpdateUserByName" time="1.069" classname="test.UserTests2"/>
  <testcase name="testDeleteUserByName" time="0.510" classname="test.UserTests2"/>
</testsuite> <!-- test.UserTests2 -->
